<?xml version="1.0" encoding="UTF-8"?>
<testng-results ignored="0" total="1" passed="1" failed="0" skipped="0">
  <reporter-output>
  </reporter-output>
  <suite started-at="2023-05-12T15:25:27 SGT" name="Suite1" finished-at="2023-05-12T15:26:21 SGT" duration-ms="54639">
    <groups>
      <group name="cucumber">
        <method signature="AbstractTestNGCucumberTests.runScenario(io.cucumber.testng.PickleWrapper, io.cucumber.testng.FeatureWrapper)[pri:0, instance:TestRunner.RunnerClass@ffaa6af]" name="runScenario" class="io.cucumber.testng.AbstractTestNGCucumberTests"/>
      </group> <!-- cucumber -->
    </groups>
    <test started-at="2023-05-12T15:25:27 SGT" name="Test Demo" finished-at="2023-05-12T15:26:21 SGT" duration-ms="54639">
      <class name="TestRunner.RunnerClass">
        <test-method is-config="true" signature="setUpClass()[pri:0, instance:TestRunner.RunnerClass@ffaa6af]" started-at="2023-05-12T15:25:27 SGT" name="setUpClass" finished-at="2023-05-12T15:25:27 SGT" duration-ms="261" status="PASS">
          <reporter-output>
          </reporter-output>
        </test-method> <!-- setUpClass -->
        <test-method signature="runScenario(io.cucumber.testng.PickleWrapper, io.cucumber.testng.FeatureWrapper)[pri:0, instance:TestRunner.RunnerClass@ffaa6af]" started-at="2023-05-12T15:25:27 SGT" name="runScenario" description="Runs Cucumber Scenarios" data-provider="scenarios" finished-at="2023-05-12T15:26:21 SGT" duration-ms="54357" status="PASS">
          <params>
            <param index="0">
              <value>
                <![CDATA["Test Edit Account"]]>
              </value>
            </param>
            <param index="1">
              <value>
                <![CDATA["Test Edit Account Page"]]>
              </value>
            </param>
          </params>
          <reporter-output>
          </reporter-output>
        </test-method> <!-- runScenario -->
        <test-method is-config="true" signature="tearDownClass()[pri:0, instance:TestRunner.RunnerClass@ffaa6af]" started-at="2023-05-12T15:26:21 SGT" name="tearDownClass" finished-at="2023-05-12T15:26:21 SGT" duration-ms="4" status="PASS">
          <reporter-output>
          </reporter-output>
        </test-method> <!-- tearDownClass -->
      </class> <!-- TestRunner.RunnerClass -->
    </test> <!-- Test Demo -->
  </suite> <!-- Suite1 -->
</testng-results>
